<?xml version="1.0" encoding="UTF-8"?>
<testng-results ignored="0" total="11" passed="11" failed="0" skipped="0">
  <reporter-output>
  </reporter-output>
  <suite started-at="2026-08-20T18:53:28 IST" name="Default suite" finished-at="2026-08-20T18:54:01 IST" duration-ms="33145">
    <groups>
    </groups>
    <test started-at="2026-08-20T18:53:28 IST" name="Default test" finished-at="2026-08-20T18:54:01 IST" duration-ms="33145">
      <class name="com.calculator.calculator_automation.Other_calculators">
        <test-method is-config="true" signature="Launch()[pri:0, instance:com.calculator.calculator_automation.Other_calculators@4c12331b]" started-at="2026-08-20T18:53:28 IST" name="Launch" finished-at="2026-08-20T18:53:33 IST" duration-ms="4330" status="PASS">
          <reporter-output>
          </reporter-output>
        </test-method> <!-- Launch -->
        <test-method signature="GPA_calculator()[pri:0, instance:com.calculator.calculator_automation.Other_calculators@4c12331b]" started-at="2026-08-20T18:53:33 IST" name="GPA_calculator" finished-at="2026-08-20T18:53:44 IST" duration-ms="11449" status="PASS">
          <reporter-output>
          </reporter-output>
        </test-method> <!-- GPA_calculator -->
        <test-method signature="age_calculator()[pri:0, instance:com.calculator.calculator_automation.Other_calculators@4c12331b]" started-at="2026-08-20T18:53:44 IST" name="age_calculator" finished-at="2026-08-20T18:53:48 IST" duration-ms="3923" status="PASS">
          <reporter-output>
          </reporter-output>
        </test-method> <!-- age_calculator -->
        <test-method signature="concrete_calculator()[pri:0, instance:com.calculator.calculator_automation.Other_calculators@4c12331b]" started-at="2026-08-20T18:53:48 IST" name="concrete_calculator" finished-at="2026-08-20T18:53:50 IST" duration-ms="1633" status="PASS">
          <reporter-output>
          </reporter-output>
        </test-method> <!-- concrete_calculator -->
        <test-method signature="conversion_calculator()[pri:0, instance:com.calculator.calculator_automation.Other_calculators@4c12331b]" started-at="2026-08-20T18:53:50 IST" name="conversion_calculator" finished-at="2026-08-20T18:53:51 IST" duration-ms="1386" status="PASS">
          <reporter-output>
          </reporter-output>
        </test-method> <!-- conversion_calculator -->
        <test-method signature="date_calculator()[pri:0, instance:com.calculator.calculator_automation.Other_calculators@4c12331b]" started-at="2026-08-20T18:53:51 IST" name="date_calculator" finished-at="2026-08-20T18:53:52 IST" duration-ms="1201" status="PASS">
          <reporter-output>
          </reporter-output>
        </test-method> <!-- date_calculator -->
        <test-method signature="grade_calculator()[pri:0, instance:com.calculator.calculator_automation.Other_calculators@4c12331b]" started-at="2026-08-20T18:53:52 IST" name="grade_calculator" finished-at="2026-08-20T18:53:54 IST" duration-ms="1164" status="PASS">
          <reporter-output>
          </reporter-output>
        </test-method> <!-- grade_calculator -->
        <test-method signature="hours_calculator()[pri:0, instance:com.calculator.calculator_automation.Other_calculators@4c12331b]" started-at="2026-08-20T18:53:54 IST" name="hours_calculator" finished-at="2026-08-20T18:53:55 IST" duration-ms="1157" status="PASS">
          <reporter-output>
          </reporter-output>
        </test-method> <!-- hours_calculator -->
        <test-method signature="other_calculators()[pri:0, instance:com.calculator.calculator_automation.Other_calculators@4c12331b]" started-at="2026-08-20T18:53:55 IST" name="other_calculators" finished-at="2026-08-20T18:53:57 IST" duration-ms="1888" status="PASS">
          <reporter-output>
          </reporter-output>
        </test-method> <!-- other_calculators -->
        <test-method signature="password_generator()[pri:0, instance:com.calculator.calculator_automation.Other_calculators@4c12331b]" started-at="2026-08-20T18:53:57 IST" name="password_generator" finished-at="2026-08-20T18:53:58 IST" duration-ms="1483" status="PASS">
          <reporter-output>
          </reporter-output>
        </test-method> <!-- password_generator -->
        <test-method signature="subnet_calculator()[pri:0, instance:com.calculator.calculator_automation.Other_calculators@4c12331b]" started-at="2026-08-20T18:53:58 IST" name="subnet_calculator" finished-at="2026-08-20T18:53:59 IST" duration-ms="1092" status="PASS">
          <reporter-output>
          </reporter-output>
        </test-method> <!-- subnet_calculator -->
        <test-method signature="time_calculator()[pri:0, instance:com.calculator.calculator_automation.Other_calculators@4c12331b]" started-at="2026-08-20T18:53:59 IST" name="time_calculator" finished-at="2026-08-20T18:54:01 IST" duration-ms="1908" status="PASS">
          <reporter-output>
          </reporter-output>
        </test-method> <!-- time_calculator -->
        <test-method is-config="true" signature="close()[pri:0, instance:com.calculator.calculator_automation.Other_calculators@4c12331b]" started-at="2026-08-20T18:54:01 IST" name="close" finished-at="2026-08-20T18:54:01 IST" duration-ms="398" status="PASS">
          <reporter-output>
          </reporter-output>
        </test-method> <!-- close -->
      </class> <!-- com.calculator.calculator_automation.Other_calculators -->
    </test> <!-- Default test -->
  </suite> <!-- Default suite -->
</testng-results>
