<?xml version="1.0" encoding="UTF-8"?>
<testng-results ignored="0" total="5" passed="5" failed="0" skipped="0">
  <reporter-output>
  </reporter-output>
  <suite started-at="2026-08-18T22:31:04 IST" name="Default suite" finished-at="2026-08-18T22:31:23 IST" duration-ms="19286">
    <groups>
    </groups>
    <test started-at="2026-08-18T22:31:04 IST" name="Default test" finished-at="2026-08-18T22:31:23 IST" duration-ms="19286">
      <class name="com.calculator.calculator_automation.TanTest">
        <test-method is-config="true" signature="setup_launch()[pri:0, instance:com.calculator.calculator_automation.TanTest@6a78afa0]" started-at="2026-08-18T22:31:04 IST" name="setup_launch" finished-at="2026-08-18T22:31:10 IST" duration-ms="6240" status="PASS">
          <reporter-output>
          </reporter-output>
        </test-method> <!-- setup_launch -->
        <test-method signature="tan_30()[pri:-1, instance:com.calculator.calculator_automation.TanTest@6a78afa0]" started-at="2026-08-18T22:31:10 IST" name="tan_30" finished-at="2026-08-18T22:31:13 IST" duration-ms="2196" status="PASS">
          <reporter-output>
          </reporter-output>
        </test-method> <!-- tan_30 -->
        <test-method signature="tan_0()[pri:0, instance:com.calculator.calculator_automation.TanTest@6a78afa0]" started-at="2026-08-18T22:31:13 IST" name="tan_0" finished-at="2026-08-18T22:31:17 IST" duration-ms="4124" status="PASS">
          <reporter-output>
          </reporter-output>
        </test-method> <!-- tan_0 -->
        <test-method signature="tan_60()[pri:0, instance:com.calculator.calculator_automation.TanTest@6a78afa0]" started-at="2026-08-18T22:31:17 IST" name="tan_60" finished-at="2026-08-18T22:31:19 IST" duration-ms="2154" status="PASS">
          <reporter-output>
          </reporter-output>
        </test-method> <!-- tan_60 -->
        <test-method signature="tan_45()[pri:2, instance:com.calculator.calculator_automation.TanTest@6a78afa0]" started-at="2026-08-18T22:31:19 IST" name="tan_45" finished-at="2026-08-18T22:31:21 IST" duration-ms="2159" status="PASS">
          <reporter-output>
          </reporter-output>
        </test-method> <!-- tan_45 -->
        <test-method signature="tan_90()[pri:3, instance:com.calculator.calculator_automation.TanTest@6a78afa0]" started-at="2026-08-18T22:31:21 IST" name="tan_90" finished-at="2026-08-18T22:31:23 IST" duration-ms="2138" status="PASS">
          <reporter-output>
          </reporter-output>
        </test-method> <!-- tan_90 -->
        <test-method is-config="true" signature="closeBrowser()[pri:0, instance:com.calculator.calculator_automation.TanTest@6a78afa0]" started-at="2026-08-18T22:31:23 IST" name="closeBrowser" finished-at="2026-08-18T22:31:23 IST" duration-ms="218" status="PASS">
          <reporter-output>
          </reporter-output>
        </test-method> <!-- closeBrowser -->
      </class> <!-- com.calculator.calculator_automation.TanTest -->
    </test> <!-- Default test -->
  </suite> <!-- Default suite -->
</testng-results>
