<?xml version="1.0" encoding="UTF-8"?>
<!-- Generated by org.testng.reporters.JUnitReportReporter -->
<testsuite hostname="DESKTOP-0MNNVCC" failures="0" tests="5" name="com.calculator.calculator_automation.CosTest" time="12.768" errors="0" timestamp="2026-08-18T22:06:17 IST" skipped="0">
  <testcase classname="com.calculator.calculator_automation.CosTest" name="cos_0" time="4.134"/>
  <testcase classname="com.calculator.calculator_automation.CosTest" name="cos_30" time="2.162"/>
  <testcase classname="com.calculator.calculator_automation.CosTest" name="cos_45" time="2.151"/>
  <testcase classname="com.calculator.calculator_automation.CosTest" name="cos_60" time="2.169"/>
  <testcase classname="com.calculator.calculator_automation.CosTest" name="cos_90" time="2.152"/>
</testsuite> <!-- com.calculator.calculator_automation.CosTest -->
