<?xml version="1.0" encoding="UTF-8"?>
<!-- Generated by org.testng.reporters.JUnitReportReporter -->
<testsuite hostname="DESKTOP-0MNNVCC" failures="0" tests="5" name="com.calculator.calculator_automation.SineTest" time="12.764" errors="0" timestamp="2026-08-18T22:00:35 IST" skipped="0">
  <testcase classname="com.calculator.calculator_automation.SineTest" name="sin_0" time="4.147"/>
  <testcase classname="com.calculator.calculator_automation.SineTest" name="sin_30" time="2.163"/>
  <testcase classname="com.calculator.calculator_automation.SineTest" name="sin_45" time="2.148"/>
  <testcase classname="com.calculator.calculator_automation.SineTest" name="sin_60" time="2.170"/>
  <testcase classname="com.calculator.calculator_automation.SineTest" name="sin_90" time="2.136"/>
</testsuite> <!-- com.calculator.calculator_automation.SineTest -->
