<?xml version="1.0" encoding="UTF-8"?>
<!-- Generated by org.testng.reporters.JUnitReportReporter -->
<testsuite hostname="DESKTOP-0MNNVCC" failures="0" tests="4" name="com.calculator.calculator_automation.calculator_functions" time="4.968" errors="0" timestamp="2026-08-17T22:17:28 IST" skipped="0">
  <testcase classname="com.calculator.calculator_automation.calculator_functions" name="Addition" time="1.265"/>
  <testcase classname="com.calculator.calculator_automation.calculator_functions" name="Substraction" time="1.253"/>
  <testcase classname="com.calculator.calculator_automation.calculator_functions" name="Multiplication" time="1.221"/>
  <testcase classname="com.calculator.calculator_automation.calculator_functions" name="Division" time="1.229"/>
</testsuite> <!-- com.calculator.calculator_automation.calculator_functions -->
