<?xml version="1.0" encoding="UTF-8"?>
<!-- Generated by org.testng.reporters.JUnitReportReporter -->
<testsuite hostname="DESKTOP-0MNNVCC" failures="0" tests="6" name="com.calculator.calculator_automation.TrigonometryTest" time="2.866" errors="0" timestamp="2026-08-18T09:50:44 IST" skipped="0">
  <testcase classname="com.calculator.calculator_automation.TrigonometryTest" name="sine" time="0.490"/>
  <testcase classname="com.calculator.calculator_automation.TrigonometryTest" name="cosine" time="0.465"/>
  <testcase classname="com.calculator.calculator_automation.TrigonometryTest" name="tangent" time="0.441"/>
  <testcase classname="com.calculator.calculator_automation.TrigonometryTest" name="inverseSine" time="0.524"/>
  <testcase classname="com.calculator.calculator_automation.TrigonometryTest" name="inverseCosine" time="0.586"/>
  <testcase classname="com.calculator.calculator_automation.TrigonometryTest" name="inverseTangent" time="0.360"/>
</testsuite> <!-- com.calculator.calculator_automation.TrigonometryTest -->
