<?xml version="1.0" encoding="UTF-8"?>
<!-- Generated by org.testng.reporters.JUnitReportReporter -->
<testsuite hostname="DESKTOP-0MNNVCC" failures="0" tests="5" name="com.calculator.calculator_automation.Footerlinks_test" time="5.330" errors="0" timestamp="2026-08-19T00:46:43 IST" skipped="0">
  <testcase classname="com.calculator.calculator_automation.Footerlinks_test" name="about_us" time="1.648"/>
  <testcase classname="com.calculator.calculator_automation.Footerlinks_test" name="sitemap" time="1.161"/>
  <testcase classname="com.calculator.calculator_automation.Footerlinks_test" name="termsOfUse" time="0.891"/>
  <testcase classname="com.calculator.calculator_automation.Footerlinks_test" name="privacyPolicy" time="1.049"/>
  <testcase classname="com.calculator.calculator_automation.Footerlinks_test" name="calculatorNet" time="0.581"/>
</testsuite> <!-- com.calculator.calculator_automation.Footerlinks_test -->
