<?xml version="1.0" encoding="UTF-8"?>
<!-- Generated by org.testng.reporters.JUnitReportReporter -->
<testsuite hostname="DESKTOP-0MNNVCC" failures="0" tests="4" name="com.calculator.calculator_automation.ArithmeticOperations" time="6.219" errors="0" timestamp="2026-08-18T14:58:29 IST" skipped="0">
  <testcase classname="com.calculator.calculator_automation.ArithmeticOperations" name="Addition" time="1.563"/>
  <testcase classname="com.calculator.calculator_automation.ArithmeticOperations" name="Substraction" time="1.555"/>
  <testcase classname="com.calculator.calculator_automation.ArithmeticOperations" name="Multiplication" time="1.537"/>
  <testcase classname="com.calculator.calculator_automation.ArithmeticOperations" name="Division" time="1.564"/>
</testsuite> <!-- com.calculator.calculator_automation.ArithmeticOperations -->
