<?xml version="1.0" encoding="UTF-8"?>
<!-- Generated by org.testng.reporters.JUnitReportReporter -->
<testsuite hostname="DESKTOP-0MNNVCC" failures="0" tests="5" name="com.calculator.calculator_automation.CosTest" time="0.001" errors="0" timestamp="2026-08-19T10:34:36 IST" skipped="5">
  <testcase classname="com.calculator.calculator_automation.CosTest" name="cos_0" time="0.001">
    <skipped/>
  </testcase> <!-- cos_0 -->
  <testcase classname="com.calculator.calculator_automation.CosTest" name="cos_30" time="0.000">
    <skipped/>
  </testcase> <!-- cos_30 -->
  <testcase classname="com.calculator.calculator_automation.CosTest" name="cos_45" time="0.000">
    <skipped/>
  </testcase> <!-- cos_45 -->
  <testcase classname="com.calculator.calculator_automation.CosTest" name="cos_60" time="0.000">
    <skipped/>
  </testcase> <!-- cos_60 -->
  <testcase classname="com.calculator.calculator_automation.CosTest" name="cos_90" time="0.000">
    <skipped/>
  </testcase> <!-- cos_90 -->
</testsuite> <!-- com.calculator.calculator_automation.CosTest -->
