<?xml version="1.0" encoding="UTF-8"?>
<!-- Generated by org.testng.reporters.JUnitReportReporter -->
<testsuite hostname="DESKTOP-0MNNVCC" failures="0" tests="15" name="com.calculator.calculator_automation.TanTest" time="41.946" errors="0" timestamp="2026-08-19T11:20:15 IST" skipped="0">
  <testcase classname="com.calculator.calculator_automation.TanTest" name="sin_0" time="4.287"/>
  <testcase classname="com.calculator.calculator_automation.TanTest" name="sin_30" time="2.366"/>
  <testcase classname="com.calculator.calculator_automation.TanTest" name="sin_45" time="2.418"/>
  <testcase classname="com.calculator.calculator_automation.TanTest" name="sin_60" time="2.441"/>
  <testcase classname="com.calculator.calculator_automation.TanTest" name="sin_90" time="2.355"/>
  <testcase classname="com.calculator.calculator_automation.TanTest" name="cos_0" time="4.346"/>
  <testcase classname="com.calculator.calculator_automation.TanTest" name="cos_30" time="2.371"/>
  <testcase classname="com.calculator.calculator_automation.TanTest" name="cos_45" time="2.417"/>
  <testcase classname="com.calculator.calculator_automation.TanTest" name="cos_60" time="2.470"/>
  <testcase classname="com.calculator.calculator_automation.TanTest" name="cos_90" time="2.457"/>
  <testcase classname="com.calculator.calculator_automation.TanTest" name="tan_0" time="4.337"/>
  <testcase classname="com.calculator.calculator_automation.TanTest" name="tan_30" time="2.435"/>
  <testcase classname="com.calculator.calculator_automation.TanTest" name="tan_45" time="2.424"/>
  <testcase classname="com.calculator.calculator_automation.TanTest" name="tan_60" time="2.405"/>
  <testcase classname="com.calculator.calculator_automation.TanTest" name="tan_90" time="2.417"/>
</testsuite> <!-- com.calculator.calculator_automation.TanTest -->
