<?xml version="1.0" encoding="UTF-8"?>
<!-- Generated by org.testng.reporters.JUnitReportReporter -->
<testsuite hostname="DESKTOP-0MNNVCC" failures="0" tests="5" name="com.calculator.calculator_automation.TanTest" time="12.771" errors="0" timestamp="2026-08-18T22:31:24 IST" skipped="0">
  <testcase classname="com.calculator.calculator_automation.TanTest" name="tan_30" time="2.196"/>
  <testcase classname="com.calculator.calculator_automation.TanTest" name="tan_0" time="4.124"/>
  <testcase classname="com.calculator.calculator_automation.TanTest" name="tan_60" time="2.154"/>
  <testcase classname="com.calculator.calculator_automation.TanTest" name="tan_45" time="2.159"/>
  <testcase classname="com.calculator.calculator_automation.TanTest" name="tan_90" time="2.138"/>
</testsuite> <!-- com.calculator.calculator_automation.TanTest -->
