<?xml version="1.0" encoding="UTF-8"?>
<!-- Generated by org.testng.reporters.JUnitReportReporter -->
<testsuite hostname="DESKTOP-0MNNVCC" failures="0" tests="5" name="com.calculator.calculator_automation.SineTest" time="0.000" errors="0" timestamp="2026-08-19T10:34:36 IST" skipped="5">
  <testcase classname="com.calculator.calculator_automation.SineTest" name="sin_0" time="0.000">
    <skipped/>
  </testcase> <!-- sin_0 -->
  <testcase classname="com.calculator.calculator_automation.SineTest" name="sin_30" time="0.000">
    <skipped/>
  </testcase> <!-- sin_30 -->
  <testcase classname="com.calculator.calculator_automation.SineTest" name="sin_45" time="0.000">
    <skipped/>
  </testcase> <!-- sin_45 -->
  <testcase classname="com.calculator.calculator_automation.SineTest" name="sin_60" time="0.000">
    <skipped/>
  </testcase> <!-- sin_60 -->
  <testcase classname="com.calculator.calculator_automation.SineTest" name="sin_90" time="0.000">
    <skipped/>
  </testcase> <!-- sin_90 -->
</testsuite> <!-- com.calculator.calculator_automation.SineTest -->
