<?xml version="1.0" encoding="UTF-8"?>
<!-- Generated by org.testng.reporters.JUnitReportReporter -->
<testsuite hostname="DESKTOP-0MNNVCC" failures="0" tests="10" name="com.calculator.calculator_automation.Fitness_Health_calculators" time="17.992" errors="0" timestamp="2026-08-20T17:40:45 IST" skipped="0">
  <testcase classname="com.calculator.calculator_automation.Fitness_Health_calculators" name="fitnes_health_cal" time="1.130"/>
  <testcase classname="com.calculator.calculator_automation.Fitness_Health_calculators" name="BMR_calculator" time="1.110"/>
  <testcase classname="com.calculator.calculator_automation.Fitness_Health_calculators" name="pregnancy_conception_cal" time="2.490"/>
  <testcase classname="com.calculator.calculator_automation.Fitness_Health_calculators" name="pace_calculator" time="1.300"/>
  <testcase classname="com.calculator.calculator_automation.Fitness_Health_calculators" name="due_date_cal" time="1.375"/>
  <testcase classname="com.calculator.calculator_automation.Fitness_Health_calculators" name="pregnancy_calculator" time="2.094"/>
  <testcase classname="com.calculator.calculator_automation.Fitness_Health_calculators" name="BMI_calculator" time="4.288"/>
  <testcase classname="com.calculator.calculator_automation.Fitness_Health_calculators" name="calorie_calculator" time="2.072"/>
  <testcase classname="com.calculator.calculator_automation.Fitness_Health_calculators" name="body_fat_cal" time="1.171"/>
  <testcase classname="com.calculator.calculator_automation.Fitness_Health_calculators" name="ideal_wait_cal" time="0.962"/>
</testsuite> <!-- com.calculator.calculator_automation.Fitness_Health_calculators -->
