<?xml version="1.0" encoding="UTF-8"?>
<!-- Generated by org.testng.reporters.JUnitReportReporter -->
<testsuite hostname="DESKTOP-0MNNVCC" failures="0" tests="7" name="com.calculator.calculator_automation.Math_Calculators" time="15.757" errors="0" timestamp="2026-08-20T18:32:12 IST" skipped="0">
  <testcase classname="com.calculator.calculator_automation.Math_Calculators" name="standard_deviation" time="1.058"/>
  <testcase classname="com.calculator.calculator_automation.Math_Calculators" name="Math_calculator" time="8.086"/>
  <testcase classname="com.calculator.calculator_automation.Math_Calculators" name="Random_num_generator" time="1.234"/>
  <testcase classname="com.calculator.calculator_automation.Math_Calculators" name="triangle_cal" time="1.291"/>
  <testcase classname="com.calculator.calculator_automation.Math_Calculators" name="fraction_calculator" time="1.643"/>
  <testcase classname="com.calculator.calculator_automation.Math_Calculators" name="percentage_calculator" time="1.689"/>
  <testcase classname="com.calculator.calculator_automation.Math_Calculators" name="scientific_cal" time="0.756"/>
</testsuite> <!-- com.calculator.calculator_automation.Math_Calculators -->
