<?xml version="1.0" encoding="UTF-8"?>
<!-- Generated by org.testng.reporters.JUnitReportReporter -->
<testsuite hostname="DESKTOP-0MNNVCC" failures="0" tests="16" name="com.calculator.calculator_automation.FinancialCalculators" time="23.657" errors="0" timestamp="2026-08-20T17:13:38 IST" skipped="0">
  <testcase classname="com.calculator.calculator_automation.FinancialCalculators" name="financialCalculators_link" time="2.140"/>
  <testcase classname="com.calculator.calculator_automation.FinancialCalculators" name="mortage_calculator" time="1.583"/>
  <testcase classname="com.calculator.calculator_automation.FinancialCalculators" name="salestax_calculator" time="1.293"/>
  <testcase classname="com.calculator.calculator_automation.FinancialCalculators" name="amortization_calculator" time="1.587"/>
  <testcase classname="com.calculator.calculator_automation.FinancialCalculators" name="payment_calculator" time="1.465"/>
  <testcase classname="com.calculator.calculator_automation.FinancialCalculators" name="compoundtinterest_calculator" time="1.689"/>
  <testcase classname="com.calculator.calculator_automation.FinancialCalculators" name="inflation_calculator" time="2.043"/>
  <testcase classname="com.calculator.calculator_automation.FinancialCalculators" name="interest_calculator" time="1.050"/>
  <testcase classname="com.calculator.calculator_automation.FinancialCalculators" name="Retirement_calculator" time="1.021"/>
  <testcase classname="com.calculator.calculator_automation.FinancialCalculators" name="autoloan_calculator" time="1.486"/>
  <testcase classname="com.calculator.calculator_automation.FinancialCalculators" name="finance_calculator" time="1.375"/>
  <testcase classname="com.calculator.calculator_automation.FinancialCalculators" name="investment_calculator" time="1.404"/>
  <testcase classname="com.calculator.calculator_automation.FinancialCalculators" name="salary_calculator" time="1.288"/>
  <testcase classname="com.calculator.calculator_automation.FinancialCalculators" name="intersetrate_calculator" time="1.234"/>
  <testcase classname="com.calculator.calculator_automation.FinancialCalculators" name="incometax_calculator" time="1.366"/>
  <testcase classname="com.calculator.calculator_automation.FinancialCalculators" name="Loan_calculator" time="1.633"/>
</testsuite> <!-- com.calculator.calculator_automation.FinancialCalculators -->
