<?xml version="1.0" encoding="UTF-8"?>
<!-- Generated by org.testng.reporters.JUnitReportReporter -->
<testsuite hostname="DESKTOP-0MNNVCC" failures="0" tests="1" name="com.calculator.calculator_automation.FinancialCalculators" time="2.262" errors="0" timestamp="2026-08-19T00:59:22 IST" skipped="0">
  <testcase classname="com.calculator.calculator_automation.FinancialCalculators" name="financialCalculators_link" time="2.262"/>
</testsuite> <!-- com.calculator.calculator_automation.FinancialCalculators -->
