<?xml version="1.0" encoding="UTF-8"?>
<!-- Generated by org.testng.reporters.JUnitXMLReporter -->
<testsuite ignored="0" hostname="DESKTOP-0MNNVCC" failures="0" tests="15" name="Default test" time="41.562" errors="0" timestamp="2026-08-19T11:12:55 IST">
  <testcase classname="com.calculator.calculator_automation.SineTest" name="sin_0" time="4.317"/>
  <testcase classname="com.calculator.calculator_automation.SineTest" name="sin_30" time="2.384"/>
  <testcase classname="com.calculator.calculator_automation.SineTest" name="sin_45" time="2.433"/>
  <testcase classname="com.calculator.calculator_automation.SineTest" name="sin_60" time="2.322"/>
  <testcase classname="com.calculator.calculator_automation.SineTest" name="sin_90" time="2.39"/>
  <testcase classname="com.calculator.calculator_automation.CosTest" name="cos_0" time="4.352"/>
  <testcase classname="com.calculator.calculator_automation.CosTest" name="cos_30" time="2.38"/>
  <testcase classname="com.calculator.calculator_automation.CosTest" name="cos_45" time="2.377"/>
  <testcase classname="com.calculator.calculator_automation.CosTest" name="cos_60" time="2.433"/>
  <testcase classname="com.calculator.calculator_automation.CosTest" name="cos_90" time="2.318"/>
  <testcase classname="com.calculator.calculator_automation.TanTest" name="tan_0" time="4.253"/>
  <testcase classname="com.calculator.calculator_automation.TanTest" name="tan_30" time="2.413"/>
  <testcase classname="com.calculator.calculator_automation.TanTest" name="tan_45" time="2.363"/>
  <testcase classname="com.calculator.calculator_automation.TanTest" name="tan_60" time="2.406"/>
  <testcase classname="com.calculator.calculator_automation.TanTest" name="tan_90" time="2.274"/>
</testsuite> <!-- Default test -->
