<?xml version="1.0" encoding="UTF-8"?>
<!-- Generated by org.testng.reporters.JUnitXMLReporter -->
<testsuite ignored="0" hostname="DESKTOP-0MNNVCC" failures="0" tests="6" name="Default test" time="6.261" errors="0" timestamp="2026-08-18T09:50:44 IST">
  <testcase classname="com.calculator.calculator_automation.TrigonometryTest" name="sine" time="0.49"/>
  <testcase classname="com.calculator.calculator_automation.TrigonometryTest" name="cosine" time="0.465"/>
  <testcase classname="com.calculator.calculator_automation.TrigonometryTest" name="tangent" time="0.441"/>
  <testcase classname="com.calculator.calculator_automation.TrigonometryTest" name="inverseSine" time="0.524"/>
  <testcase classname="com.calculator.calculator_automation.TrigonometryTest" name="inverseCosine" time="0.586"/>
  <testcase classname="com.calculator.calculator_automation.TrigonometryTest" name="inverseTangent" time="0.36"/>
</testsuite> <!-- Default test -->
