<?xml version="1.0" encoding="UTF-8"?>
<!-- Generated by org.testng.reporters.JUnitXMLReporter -->
<testsuite ignored="0" hostname="DESKTOP-0MNNVCC" failures="0" tests="15" name="Test" time="42.091" errors="0" timestamp="2026-08-19T11:20:14 IST">
  <testcase classname="com.calculator.calculator_automation.SineTest" name="sin_0" time="4.287"/>
  <testcase classname="com.calculator.calculator_automation.SineTest" name="sin_30" time="2.366"/>
  <testcase classname="com.calculator.calculator_automation.SineTest" name="sin_45" time="2.418"/>
  <testcase classname="com.calculator.calculator_automation.SineTest" name="sin_60" time="2.441"/>
  <testcase classname="com.calculator.calculator_automation.SineTest" name="sin_90" time="2.355"/>
  <testcase classname="com.calculator.calculator_automation.CosTest" name="cos_0" time="4.346"/>
  <testcase classname="com.calculator.calculator_automation.CosTest" name="cos_30" time="2.371"/>
  <testcase classname="com.calculator.calculator_automation.CosTest" name="cos_45" time="2.417"/>
  <testcase classname="com.calculator.calculator_automation.CosTest" name="cos_60" time="2.47"/>
  <testcase classname="com.calculator.calculator_automation.CosTest" name="cos_90" time="2.457"/>
  <testcase classname="com.calculator.calculator_automation.TanTest" name="tan_0" time="4.337"/>
  <testcase classname="com.calculator.calculator_automation.TanTest" name="tan_30" time="2.435"/>
  <testcase classname="com.calculator.calculator_automation.TanTest" name="tan_45" time="2.424"/>
  <testcase classname="com.calculator.calculator_automation.TanTest" name="tan_60" time="2.405"/>
  <testcase classname="com.calculator.calculator_automation.TanTest" name="tan_90" time="2.417"/>
</testsuite> <!-- Test -->
